Arguments: 
  C:\Program Files\nodejs\node.exe C:\Users\user\AppData\Roaming\npm\node_modules\yarn\bin\yarn.js install

PATH: 
  C:\Users\user\bin;D:\has instaled\Git\mingw64\bin;D:\has instaled\Git\usr\local\bin;D:\has instaled\Git\usr\bin;D:\has instaled\Git\usr\bin;D:\has instaled\Git\mingw64\bin;D:\has instaled\Git\usr\bin;C:\Users\user\bin;C:\Program Files (x86)\Common Files\Intel\Shared Libraries\redist\intel64\compiler;C:\Windows\system32;C:\Windows;C:\Windows\System32\Wbem;C:\Windows\System32\WindowsPowerShell\v1.0;C:\Program Files\PostgreSQL\15\bin;C:\Windows\System32\OpenSSH;C:\Program Files (x86)\NVIDIA Corporation\PhysX\Common;C:\Program Files\NVIDIA Corporation\NVIDIA NvDLISR;C:\WINDOWS\system32;C:\WINDOWS;C:\WINDOWS\System32\Wbem;C:\WINDOWS\System32\WindowsPowerShell\v1.0;C:\WINDOWS\System32\OpenSSH;C:\Program Files\nodejs;C:\Program Files\Go\bin;D:\has instaled\Git\cmd;C:\Program Files\Docker\Docker\resources\bin;C:\Users\user\AppData\Local\Microsoft\WindowsApps;C:\Users\user\AppData\Local\Programs\Microsoft VS Code\bin;C:\Users\user\AppData\Roaming\npm;C:\Program Files\PostgreSQL\15\bin;C:\Users\user\go\bin;D:\has instaled\Git\usr\bin\vendor_perl;D:\has instaled\Git\usr\bin\core_perl

Yarn version: 
  1.22.19

Node version: 
  18.17.1

Platform: 
  win32 x64

Trace: 
  Error: EPERM: operation not permitted, unlink 'D:\challenge\tryBE\node_modules\bcrypt\lib\binding\napi-v3\bcrypt_lib.node'

npm manifest: 
  {
    "name": "typeorm-sample",
    "version": "0.0.1",
    "description": "Awesome project developed with TypeORM.",
    "type": "commonjs",
    "devDependencies": {
      "@types/express": "^4.17.20",
      "@types/multer": "^1.4.10",
      "@types/node": "^16.11.10",
      "ts-node": "10.7.0",
      "typescript": "4.5.2"
    },
    "dependencies": {
      "bcrypt": "^5.1.1",
      "cloudinary": "^1.41.0",
      "cors": "^2.8.5",
      "dotenv": "^16.3.1",
      "express": "^4.18.2",
      "joi": "^17.11.0",
      "jsonwebtoken": "^9.0.2",
      "multer": "^1.4.5-lts.1",
      "pg": "^8.4.0",
      "reflect-metadata": "^0.1.13",
      "typeorm": "0.3.17"
    },
    "scripts": {
      "start": "nodemon --exec ts-node src/index.ts",
      "typeorm": "typeorm-ts-node-commonjs",
      "worker": "nodemon --exec ts-node src/worker/index.ts",
      "migration:generate": "npx typeorm-ts-node-commonjs migration:generate src/migration/MyMigration -d src/data-source.ts",
      "migration:run": "npx typeorm-ts-node-commonjs migration:run -d src/data-source.ts"
    }
  }

yarn manifest: 
  No manifest

Lockfile: 
  No lockfile
